SF:lib/domain/entities/cell.dart
DA:18,5
DA:26,15
DA:27,12
DA:28,12
DA:29,9
DA:30,6
DA:31,9
DA:32,3
DA:33,4
DA:35,3
DA:36,8
DA:37,6
DA:41,3
DA:42,12
DA:43,3
DA:44,6
DA:45,3
DA:49,1
DA:50,2
DA:51,1
DA:55,1
DA:56,2
DA:57,1
DA:61,3
DA:62,3
DA:64,3
DA:68,6
DA:69,1
DA:71,1
DA:72,1
DA:76,1
DA:78,1
DA:81,1
DA:83,8
DA:84,3
DA:85,3
DA:87,1
DA:92,3
DA:99,3
DA:100,3
DA:101,3
DA:102,3
DA:103,3
DA:104,3
DA:108,2
DA:111,2
DA:112,6
DA:113,6
DA:114,6
DA:115,6
DA:116,6
DA:119,2
DA:121,12
DA:124,2
DA:126,12
LF:55
LH:55
end_of_record
SF:lib/core/game_mode_config.dart
DA:14,3
DA:23,2
DA:26,2
DA:27,2
DA:30,2
DA:31,2
DA:32,2
DA:33,2
DA:34,2
DA:35,2
DA:36,2
DA:37,2
DA:38,2
DA:39,2
DA:43,0
DA:44,0
DA:45,0
DA:46,0
DA:47,0
DA:48,0
DA:49,0
DA:50,0
DA:51,0
DA:52,0
DA:58,15
DA:60,9
DA:70,5
DA:72,5
DA:74,5
DA:78,5
DA:89,3
DA:92,3
DA:94,6
DA:95,6
DA:98,2
DA:102,2
DA:108,4
DA:109,2
DA:110,2
DA:112,2
DA:113,0
DA:117,2
DA:118,0
DA:123,2
DA:124,2
DA:128,6
DA:129,2
DA:134,2
DA:135,2
DA:136,2
DA:137,4
DA:139,2
DA:140,2
DA:141,4
DA:142,2
DA:143,2
DA:144,2
DA:146,6
DA:147,6
DA:149,0
DA:153,0
DA:154,0
DA:160,2
DA:161,1
DA:166,1
DA:167,1
DA:173,1
DA:174,1
DA:175,1
DA:185,1
DA:195,1
DA:205,1
DA:215,1
DA:236,0
DA:239,0
DA:242,4
DA:244,17
DA:253,4
DA:256,2
DA:257,2
DA:258,2
DA:261,6
DA:262,6
DA:263,6
DA:264,6
DA:265,6
DA:266,6
DA:267,6
DA:268,6
DA:269,6
DA:270,6
DA:271,6
DA:272,6
DA:273,6
DA:274,6
DA:277,0
DA:280,2
DA:283,0
DA:286,0
DA:289,0
DA:291,0
DA:293,0
DA:297,1
DA:298,1
DA:299,1
DA:300,0
DA:301,0
DA:302,0
DA:303,0
LF:109
LH:82
end_of_record
SF:lib/presentation/providers/settings_provider.dart
DA:35,2
DA:36,2
DA:37,2
DA:38,2
DA:39,2
DA:40,4
DA:41,2
DA:42,2
DA:43,2
DA:44,2
DA:45,2
DA:46,2
DA:47,2
DA:48,2
DA:49,2
DA:50,2
DA:51,2
DA:52,2
DA:53,2
DA:54,2
DA:55,4
DA:58,2
DA:61,2
DA:65,2
DA:66,2
DA:67,2
DA:71,1
DA:72,2
DA:73,2
DA:76,1
DA:78,1
DA:79,1
DA:83,1
DA:84,2
DA:87,1
DA:90,1
DA:91,1
DA:95,1
DA:96,1
DA:100,1
DA:101,1
DA:103,2
DA:106,1
DA:108,1
DA:109,1
DA:113,1
DA:114,2
DA:115,1
DA:116,1
DA:117,1
DA:119,1
DA:120,2
DA:121,1
DA:122,1
DA:123,1
DA:125,1
DA:126,2
DA:127,1
DA:128,1
DA:129,1
DA:131,1
DA:132,2
DA:133,1
DA:134,1
DA:135,1
DA:137,1
DA:138,2
DA:139,1
DA:140,1
DA:141,1
DA:143,1
DA:144,2
DA:145,1
DA:146,1
DA:147,1
DA:149,1
DA:150,2
DA:151,1
DA:152,1
DA:153,1
DA:155,1
DA:156,2
DA:157,1
DA:158,1
DA:159,1
DA:161,1
DA:162,2
DA:163,1
DA:164,1
DA:165,1
DA:167,1
DA:168,2
DA:169,1
DA:170,1
DA:171,1
DA:173,1
DA:174,2
DA:175,1
DA:176,1
DA:177,1
DA:179,1
DA:180,2
DA:181,1
DA:182,1
DA:183,1
DA:185,1
DA:186,2
DA:187,1
DA:188,1
DA:189,1
DA:191,1
DA:192,2
DA:193,1
DA:194,1
DA:195,1
DA:198,2
DA:199,4
DA:200,2
DA:201,2
DA:202,2
DA:206,1
DA:207,1
DA:208,1
DA:211,1
DA:213,1
DA:214,1
DA:218,1
DA:219,1
DA:220,1
DA:223,1
DA:225,1
DA:226,1
DA:230,1
DA:231,1
DA:233,1
DA:234,1
DA:238,1
DA:239,2
DA:240,1
DA:241,1
DA:242,1
DA:247,2
DA:250,6
DA:251,6
DA:252,6
DA:253,6
DA:254,7
DA:257,2
DA:258,9
DA:259,6
DA:260,8
DA:261,8
DA:264,6
DA:265,6
DA:266,6
DA:267,6
DA:268,6
DA:269,6
DA:270,6
DA:271,6
DA:272,6
DA:273,6
DA:274,6
DA:275,6
DA:276,6
DA:277,6
DA:278,2
DA:285,2
DA:291,1
DA:293,3
DA:294,3
DA:295,3
DA:296,3
DA:297,4
DA:299,3
DA:300,3
DA:301,3
DA:302,3
DA:303,3
DA:304,3
DA:305,3
DA:306,3
DA:307,3
DA:308,3
DA:309,3
DA:310,3
DA:311,3
DA:312,3
DA:313,1
DA:316,1
DA:317,1
LF:191
LH:191
end_of_record
SF:lib/core/constants.dart
DA:14,1
DA:15,2
LF:2
LH:2
end_of_record
SF:lib/domain/entities/game_state.dart
DA:15,4
DA:27,12
DA:28,24
DA:29,3
DA:30,12
DA:31,12
DA:32,12
DA:33,4
DA:34,4
DA:35,8
DA:36,8
DA:39,16
DA:40,4
DA:41,12
DA:42,4
DA:43,8
DA:46,4
DA:47,24
DA:48,4
DA:50,12
DA:53,2
DA:54,2
DA:55,6
DA:56,6
DA:57,4
DA:58,2
DA:59,2
DA:60,12
DA:61,8
DA:68,3
DA:69,18
DA:72,3
DA:83,3
DA:84,2
DA:85,3
DA:86,3
DA:87,3
DA:88,3
DA:89,3
DA:90,3
DA:91,3
DA:92,3
DA:96,3
DA:99,2
DA:100,6
DA:101,6
DA:102,6
DA:103,3
DA:104,3
DA:105,3
DA:108,1
DA:110,1
DA:111,1
DA:112,1
DA:113,1
DA:114,1
DA:115,1
DA:116,1
DA:120,1
DA:122,6
LF:60
LH:60
end_of_record
SF:lib/data/repositories/game_repository_impl.dart
DA:14,3
DA:16,6
DA:18,6
DA:21,2
DA:22,2
DA:23,2
DA:26,4
DA:27,4
DA:28,2
DA:33,2
DA:34,2
DA:37,2
DA:39,4
DA:45,2
DA:46,2
DA:51,2
DA:53,2
DA:56,3
DA:58,3
DA:59,2
DA:61,4
DA:62,1
DA:66,4
DA:67,0
DA:70,4
DA:71,4
DA:75,4
DA:79,2
DA:81,2
DA:85,2
DA:87,1
DA:91,6
DA:94,2
DA:96,1
DA:98,1
DA:102,4
DA:106,6
DA:110,2
DA:112,2
DA:115,2
DA:116,6
DA:119,2
DA:126,2
DA:131,2
DA:134,14
DA:139,2
DA:142,6
DA:145,2
DA:146,2
DA:147,2
DA:152,2
DA:155,2
DA:158,2
DA:160,6
DA:161,1
DA:164,4
DA:165,4
DA:168,4
DA:169,2
DA:170,2
DA:174,6
DA:175,4
DA:178,2
DA:181,2
DA:183,6
DA:185,2
DA:188,2
DA:191,1
DA:193,3
DA:194,1
DA:197,2
DA:198,2
DA:201,2
DA:204,4
DA:205,1
DA:210,2
DA:211,2
DA:213,3
DA:214,3
DA:215,2
DA:217,1
DA:218,1
DA:221,4
DA:223,2
DA:224,1
DA:225,0
DA:231,2
DA:232,1
DA:236,0
DA:240,0
DA:241,0
DA:242,0
DA:244,0
DA:245,0
DA:248,0
DA:250,0
DA:253,0
DA:256,0
DA:259,0
DA:260,0
DA:268,0
DA:272,0
DA:274,0
DA:276,0
DA:277,0
DA:278,0
DA:279,0
DA:282,0
DA:285,2
DA:287,2
DA:288,1
DA:290,2
DA:293,1
DA:295,2
DA:298,1
DA:300,2
DA:303,3
DA:305,5
DA:308,2
DA:310,2
DA:311,2
DA:314,1
DA:315,2
DA:316,2
DA:317,2
DA:318,2
DA:319,2
DA:320,2
DA:321,3
DA:322,2
DA:323,2
DA:324,2
DA:328,2
DA:330,2
DA:331,1
DA:334,6
DA:337,1
DA:339,3
DA:341,1
DA:344,2
DA:345,2
DA:347,1
DA:350,2
DA:351,2
DA:357,2
DA:359,1
DA:363,3
DA:366,2
DA:367,2
DA:369,1
DA:372,3
DA:373,3
DA:377,1
DA:384,2
DA:388,1
DA:395,1
DA:399,7
DA:404,0
DA:407,3
DA:410,1
DA:411,1
DA:412,0
DA:416,1
DA:421,1
DA:422,1
DA:423,2
DA:430,2
DA:431,2
DA:432,3
DA:433,3
DA:434,1
DA:435,1
DA:437,5
DA:438,1
DA:448,1
DA:450,1
DA:451,2
DA:453,3
DA:454,3
DA:455,2
DA:457,1
DA:458,1
DA:461,4
DA:463,3
DA:464,1
DA:473,1
DA:474,1
DA:478,1
DA:479,1
DA:480,1
DA:485,0
DA:486,0
DA:487,0
DA:488,0
DA:491,2
DA:492,2
DA:493,4
DA:494,2
DA:496,2
DA:497,0
DA:501,2
DA:502,4
DA:503,2
DA:507,4
DA:508,4
DA:509,2
DA:510,2
DA:511,2
DA:512,10
DA:516,2
DA:517,2
DA:518,4
DA:520,4
DA:521,4
DA:522,6
DA:524,6
DA:525,6
DA:526,4
DA:527,2
DA:528,2
DA:529,8
DA:530,8
DA:534,10
DA:541,2
DA:544,2
DA:545,4
DA:546,2
DA:547,8
DA:550,4
DA:553,4
DA:554,6
DA:556,6
DA:557,6
DA:558,4
DA:560,2
DA:561,2
DA:564,8
DA:567,4
DA:569,4
DA:572,4
DA:578,2
DA:579,2
DA:580,4
DA:581,4
DA:584,8
DA:587,4
DA:588,2
DA:591,6
DA:593,6
DA:594,6
DA:595,4
DA:597,2
DA:598,2
DA:601,8
DA:604,4
DA:606,4
DA:609,4
DA:617,2
DA:619,4
DA:622,2
DA:626,6
DA:627,8
DA:628,6
DA:629,2
DA:636,2
DA:637,6
DA:638,8
DA:639,4
DA:640,2
DA:642,4
DA:643,2
DA:644,2
DA:646,2
DA:651,2
DA:652,0
DA:659,2
DA:660,14
DA:663,2
DA:667,4
DA:668,4
DA:669,4
DA:670,4
DA:674,2
DA:677,2
DA:678,6
DA:679,8
DA:680,4
DA:681,6
DA:682,2
DA:688,1
DA:689,2
DA:692,1
DA:700,1
DA:701,1
DA:703,1
DA:707,2
DA:710,2
DA:711,1
DA:713,1
DA:717,0
DA:718,0
DA:719,0
DA:722,0
DA:723,0
DA:724,0
DA:725,0
DA:726,0
DA:731,0
DA:734,0
DA:735,0
DA:736,0
DA:742,0
DA:743,0
DA:744,0
DA:745,0
DA:746,0
DA:747,0
DA:748,0
DA:755,0
DA:757,0
DA:758,0
DA:770,0
DA:771,0
DA:780,0
DA:781,0
DA:782,0
DA:786,0
DA:787,0
DA:788,0
DA:789,0
DA:790,0
DA:798,0
DA:799,0
DA:800,0
DA:803,0
DA:807,0
DA:808,0
DA:811,0
DA:812,0
DA:819,1
DA:820,1
DA:821,2
DA:824,5
DA:831,1
DA:832,2
DA:833,2
DA:837,3
DA:838,3
DA:839,1
DA:840,1
DA:841,4
DA:842,2
DA:851,1
DA:852,3
DA:853,1
DA:856,1
DA:860,9
DA:866,1
DA:867,1
DA:868,2
DA:871,1
DA:872,3
DA:873,3
DA:874,2
DA:876,1
DA:877,1
DA:879,4
DA:880,3
DA:881,2
DA:887,1
DA:890,2
DA:895,1
DA:896,2
DA:897,2
DA:901,3
DA:902,3
DA:903,1
DA:904,1
DA:905,4
DA:906,1
DA:915,1
DA:916,3
DA:917,1
DA:920,1
DA:924,9
DA:925,9
LF:386
LH:316
end_of_record
SF:lib/core/icon_utils.dart
DA:5,1
DA:9,1
DA:11,1
DA:13,1
DA:15,1
DA:17,1
DA:19,1
DA:21,1
DA:23,1
DA:25,1
DA:27,1
DA:29,1
DA:31,1
DA:33,1
DA:35,1
DA:37,1
DA:39,1
DA:41,1
DA:43,1
DA:45,1
LF:20
LH:20
end_of_record
SF:lib/presentation/pages/game_page.dart
DA:14,1
DA:16,1
DA:17,1
DA:27,1
DA:29,1
DA:31,3
DA:32,2
DA:33,4
DA:40,1
DA:41,2
DA:42,3
DA:46,1
DA:47,2
DA:48,2
DA:51,1
DA:53,1
DA:54,1
DA:57,1
DA:58,1
DA:60,3
DA:61,1
DA:63,1
DA:64,1
DA:65,1
DA:66,1
DA:68,1
DA:69,1
DA:71,1
DA:74,1
DA:76,1
DA:79,1
DA:81,1
DA:84,1
DA:86,1
DA:89,1
DA:91,1
DA:100,1
DA:102,1
DA:106,1
DA:107,1
DA:109,2
DA:110,3
DA:111,1
DA:112,1
DA:116,1
DA:122,1
DA:123,1
DA:124,1
DA:126,1
DA:127,1
DA:130,3
DA:133,1
DA:134,2
DA:135,3
DA:139,1
DA:140,1
DA:141,1
DA:142,2
DA:152,3
DA:153,2
DA:154,2
DA:155,2
DA:156,2
DA:157,1
DA:165,0
DA:167,1
DA:174,0
DA:175,0
DA:178,0
DA:179,0
DA:180,0
DA:181,0
DA:182,0
DA:185,0
DA:186,0
DA:187,0
DA:192,1
DA:193,1
DA:195,2
DA:198,1
DA:199,3
DA:207,1
DA:209,1
DA:210,3
DA:212,3
DA:213,4
DA:216,0
DA:217,0
DA:218,0
DA:225,0
DA:226,0
DA:227,0
DA:232,0
DA:233,0
DA:237,0
DA:240,0
DA:241,0
DA:242,0
DA:243,0
DA:248,0
DA:250,0
DA:252,0
DA:261,0
DA:262,0
DA:265,0
DA:266,0
DA:271,0
DA:273,0
DA:274,0
DA:275,0
DA:283,0
DA:284,0
DA:285,0
DA:291,0
DA:292,0
DA:295,0
DA:298,0
DA:299,0
DA:300,0
DA:303,0
DA:306,0
DA:307,0
DA:308,0
DA:310,0
DA:311,0
DA:313,0
DA:315,0
DA:316,0
DA:318,0
DA:319,0
DA:320,0
DA:321,0
DA:322,0
DA:324,0
DA:328,0
DA:329,0
DA:332,0
DA:333,0
DA:334,0
DA:337,0
DA:340,0
DA:341,0
DA:342,0
DA:345,0
DA:346,0
DA:347,0
DA:349,0
DA:351,0
DA:352,0
DA:353,0
DA:354,0
DA:360,0
DA:361,0
DA:362,0
DA:367,0
DA:368,0
DA:369,0
DA:381,0
DA:382,0
DA:386,1
DA:387,2
DA:388,1
DA:390,3
DA:398,0
DA:399,0
DA:400,0
DA:402,0
DA:410,1
DA:411,3
DA:412,1
DA:413,1
DA:418,1
DA:419,1
DA:420,1
DA:421,2
DA:423,1
DA:426,2
DA:429,0
DA:430,0
DA:431,0
DA:432,0
DA:433,0
DA:435,0
DA:436,0
DA:437,0
DA:445,1
DA:446,1
DA:447,1
DA:449,1
DA:451,1
DA:452,1
DA:453,0
DA:454,0
DA:455,0
DA:460,1
DA:461,1
DA:471,0
DA:472,0
DA:473,0
DA:475,0
DA:477,0
DA:480,0
DA:482,0
DA:489,1
DA:490,1
DA:491,1
DA:493,1
DA:494,1
DA:497,1
DA:503,0
DA:504,0
DA:505,0
DA:507,0
DA:508,0
DA:509,0
DA:510,0
DA:511,0
DA:512,0
DA:517,0
DA:518,0
DA:520,0
DA:522,0
DA:523,0
DA:525,0
DA:528,0
DA:534,0
DA:535,0
DA:536,0
DA:537,0
DA:538,0
DA:549,0
DA:552,0
DA:562,0
DA:563,0
DA:565,0
DA:567,0
DA:568,0
DA:570,0
DA:571,0
DA:572,0
DA:573,0
DA:580,0
DA:582,0
DA:583,0
DA:597,0
DA:598,0
DA:599,0
DA:600,0
DA:603,0
DA:604,0
DA:605,0
DA:607,0
DA:608,0
DA:609,0
DA:611,0
DA:613,0
DA:617,0
DA:619,0
DA:627,1
DA:629,1
LF:260
LH:105
end_of_record
SF:lib/presentation/providers/game_provider.dart
DA:20,4
DA:24,2
DA:29,2
DA:30,2
DA:31,2
DA:33,6
DA:34,2
DA:39,2
DA:41,2
DA:42,2
DA:46,4
DA:47,4
DA:48,4
DA:49,4
DA:50,6
DA:51,6
DA:52,3
DA:53,2
DA:54,4
DA:57,2
DA:59,2
DA:60,2
DA:62,5
DA:63,2
DA:64,1
DA:65,1
DA:67,4
DA:69,2
DA:74,2
DA:75,2
DA:77,2
DA:78,2
DA:80,5
DA:83,2
DA:84,2
DA:87,1
DA:88,1
DA:90,1
DA:91,2
DA:92,1
DA:95,4
DA:97,2
DA:102,1
DA:104,1
DA:105,1
DA:107,1
DA:108,3
DA:111,2
DA:112,2
DA:116,2
DA:117,1
DA:119,1
DA:121,2
DA:123,1
DA:128,1
DA:129,2
DA:130,1
DA:131,2
DA:132,1
DA:137,2
DA:139,2
DA:140,2
DA:141,4
DA:142,4
DA:143,4
DA:144,4
DA:145,4
DA:146,4
DA:147,6
DA:148,4
DA:149,4
DA:150,4
DA:153,8
DA:154,6
DA:158,2
DA:160,4
DA:161,3
DA:168,2
DA:169,4
DA:173,1
DA:174,2
DA:177,2
DA:178,1
DA:185,2
DA:186,2
DA:189,4
DA:196,1
DA:197,2
DA:200,2
DA:202,0
DA:207,2
DA:208,2
DA:209,2
DA:212,2
DA:213,2
DA:214,2
DA:217,2
DA:218,2
DA:221,1
DA:226,2
DA:227,2
DA:228,4
DA:229,6
DA:230,4
DA:232,2
DA:233,1
DA:234,2
DA:235,1
DA:241,1
DA:242,2
DA:243,1
DA:252,9
DA:253,11
DA:254,4
DA:255,6
DA:258,2
DA:259,2
DA:269,1
DA:270,2
DA:271,1
DA:275,2
DA:278,2
DA:280,2
DA:281,2
DA:282,4
DA:283,2
DA:288,1
DA:289,1
DA:290,2
DA:293,4
DA:295,3
DA:296,0
DA:297,0
DA:305,0
DA:306,0
DA:309,0
DA:310,0
DA:311,0
DA:316,2
DA:317,2
DA:319,2
DA:321,18
DA:325,10
DA:326,12
DA:327,4
DA:329,4
DA:331,2
DA:332,2
DA:333,4
DA:334,6
DA:335,3
DA:342,6
DA:345,2
DA:348,2
DA:349,3
DA:350,4
DA:353,6
DA:358,2
DA:360,2
DA:362,2
DA:370,4
DA:371,2
DA:372,2
DA:373,4
DA:375,6
DA:377,2
DA:378,2
DA:381,6
DA:383,4
DA:385,4
DA:386,2
DA:387,2
DA:392,2
DA:397,2
DA:401,2
DA:402,2
DA:405,2
DA:406,4
DA:407,2
DA:408,2
DA:410,6
DA:412,2
DA:413,1
DA:414,2
DA:415,2
DA:416,2
DA:420,6
DA:423,3
DA:424,1
DA:425,1
DA:428,1
DA:430,2
DA:431,1
DA:432,1
DA:433,2
DA:435,3
DA:437,1
DA:438,1
DA:441,3
DA:443,3
DA:446,3
DA:448,2
DA:449,4
DA:455,3
DA:456,1
DA:457,3
DA:464,3
DA:465,4
DA:466,1
DA:467,1
DA:476,2
DA:477,3
DA:479,2
DA:480,6
DA:486,1
DA:494,0
DA:498,0
DA:500,0
DA:501,0
DA:502,0
DA:503,0
DA:505,0
DA:507,0
DA:508,0
DA:511,0
DA:513,0
DA:515,0
DA:516,0
DA:520,0
DA:522,0
DA:523,0
DA:530,0
DA:531,0
DA:538,0
DA:541,0
DA:543,0
DA:547,0
DA:548,0
DA:551,0
DA:552,0
DA:553,0
DA:555,0
DA:558,0
DA:560,0
DA:567,0
DA:579,1
DA:580,1
DA:584,1
DA:585,1
DA:586,1
DA:589,1
DA:593,2
DA:594,1
DA:596,1
DA:597,1
DA:600,3
DA:604,1
DA:605,1
DA:608,1
DA:612,1
DA:613,3
DA:615,1
DA:616,1
DA:626,0
DA:627,0
DA:628,0
DA:629,0
DA:631,0
DA:632,0
DA:633,0
DA:634,0
DA:636,0
DA:638,0
DA:639,0
DA:640,0
DA:641,0
DA:643,0
DA:648,0
DA:651,0
DA:653,0
DA:655,0
DA:661,0
DA:663,0
DA:669,2
DA:670,2
DA:672,1
DA:673,2
DA:674,2
DA:675,2
DA:676,2
DA:677,1
DA:680,4
DA:681,1
DA:682,4
DA:683,2
DA:684,2
DA:687,1
DA:688,1
DA:689,1
DA:690,1
DA:691,2
DA:694,2
DA:698,1
DA:699,6
DA:700,4
DA:701,4
DA:702,4
DA:703,3
DA:707,1
DA:708,1
DA:709,0
DA:712,2
DA:713,1
DA:714,2
DA:717,1
DA:718,0
DA:721,1
DA:722,2
DA:723,1
DA:724,1
DA:727,1
DA:731,1
DA:732,0
DA:733,0
DA:734,0
DA:736,0
DA:737,0
DA:738,0
DA:739,0
DA:741,0
DA:742,0
DA:743,0
DA:744,0
DA:745,0
DA:747,0
DA:750,0
DA:752,0
DA:753,0
DA:754,0
DA:755,0
DA:760,1
DA:762,2
DA:766,2
DA:773,0
DA:782,0
DA:784,0
DA:785,0
DA:786,0
DA:787,0
DA:789,0
DA:791,0
DA:792,0
DA:795,0
DA:796,0
DA:799,0
DA:801,0
DA:802,0
DA:809,0
DA:815,0
DA:818,0
DA:820,0
DA:824,0
DA:825,0
DA:828,0
DA:829,0
DA:830,0
DA:833,0
DA:845,0
DA:846,0
DA:847,0
DA:848,0
DA:851,0
DA:852,0
DA:853,0
DA:855,0
DA:876,2
DA:877,2
DA:879,6
DA:880,6
DA:881,4
DA:883,2
DA:884,2
DA:886,2
DA:887,4
DA:888,2
DA:889,4
DA:899,2
DA:900,2
DA:902,6
DA:903,6
DA:904,4
DA:906,2
DA:907,2
DA:909,2
DA:910,4
DA:911,4
DA:912,4
DA:922,2
DA:923,2
DA:925,6
DA:926,6
DA:927,4
DA:929,2
DA:930,2
DA:932,2
DA:933,4
DA:934,2
DA:935,0
DA:945,2
DA:946,2
DA:947,10
DA:948,12
DA:952,2
DA:953,4
DA:957,1
DA:959,1
DA:960,0
DA:964,1
DA:966,1
DA:967,1
DA:969,3
DA:970,2
DA:971,2
DA:972,1
DA:974,2
DA:976,1
DA:981,1
DA:987,1
DA:988,1
DA:989,0
DA:993,2
DA:994,2
DA:995,3
DA:996,3
DA:998,1
DA:999,1
DA:1003,1
DA:1004,0
DA:1008,1
DA:1009,3
DA:1011,1
DA:1012,0
DA:1013,0
DA:1014,0
DA:1016,0
DA:1017,0
DA:1018,0
DA:1020,0
DA:1021,0
DA:1022,0
DA:1023,0
DA:1025,0
DA:1026,0
DA:1027,0
DA:1030,0
DA:1031,0
DA:1034,0
DA:1036,0
DA:1039,0
DA:1040,0
DA:1041,0
DA:1047,0
DA:1048,0
DA:1051,0
DA:1054,0
DA:1055,0
DA:1056,0
DA:1057,0
DA:1058,0
DA:1059,0
DA:1060,0
DA:1062,0
DA:1063,0
DA:1064,0
DA:1066,0
DA:1068,0
DA:1076,0
DA:1078,0
DA:1082,0
DA:1085,0
DA:1088,0
DA:1094,1
DA:1095,1
DA:1097,2
DA:1098,3
DA:1100,1
DA:1101,1
DA:1103,1
DA:1104,0
DA:1105,0
DA:1106,0
DA:1108,0
DA:1109,0
DA:1110,0
DA:1111,0
DA:1113,0
DA:1115,0
DA:1118,0
DA:1119,0
DA:1120,0
DA:1125,0
DA:1126,0
DA:1127,0
DA:1138,1
DA:1139,2
DA:1140,1
DA:1144,1
DA:1145,2
DA:1146,1
DA:1150,2
DA:1151,4
DA:1155,1
DA:1156,1
DA:1157,0
DA:1161,1
DA:1164,2
DA:1165,5
DA:1168,2
DA:1169,4
DA:1171,1
DA:1173,0
DA:1174,0
DA:1177,0
DA:1178,0
DA:1179,0
DA:1183,0
DA:1184,0
DA:1187,0
DA:1188,0
DA:1191,0
DA:1192,0
DA:1193,0
DA:1194,0
DA:1195,0
DA:1200,0
DA:1201,0
DA:1202,0
DA:1203,0
DA:1204,0
DA:1205,0
DA:1206,0
DA:1207,0
DA:1208,0
LF:543
LH:350
end_of_record
SF:lib/presentation/widgets/game_board.dart
DA:10,2
DA:12,1
DA:13,1
DA:35,0
DA:36,0
DA:37,0
DA:38,0
DA:40,0
DA:42,0
DA:49,0
DA:51,0
DA:60,1
DA:62,2
DA:63,2
DA:64,1
DA:67,1
DA:68,3
DA:69,2
DA:71,1
DA:73,2
DA:74,5
DA:75,1
DA:77,2
DA:78,0
DA:79,0
DA:80,0
DA:81,0
DA:83,3
DA:85,0
DA:86,0
DA:94,1
DA:96,1
DA:97,1
DA:98,1
DA:102,1
DA:103,1
DA:105,2
DA:107,1
DA:108,1
DA:109,1
DA:110,1
DA:111,4
DA:115,7
DA:116,4
DA:119,1
DA:120,1
DA:122,1
DA:123,1
DA:124,1
DA:125,1
DA:126,1
DA:127,2
DA:128,5
DA:129,4
DA:130,4
DA:132,1
DA:133,1
DA:134,1
DA:141,1
DA:142,1
DA:145,1
DA:146,1
DA:149,1
DA:155,1
DA:156,1
DA:157,1
DA:158,1
DA:159,2
DA:160,1
DA:164,1
DA:167,0
DA:168,0
DA:171,0
DA:173,0
DA:176,0
DA:177,0
DA:181,0
DA:189,2
DA:190,0
DA:191,0
DA:193,0
DA:194,0
DA:201,1
DA:202,1
DA:210,1
DA:212,1
DA:213,1
DA:222,1
DA:223,1
DA:224,1
DA:226,1
DA:228,3
DA:229,1
DA:231,1
DA:233,1
DA:236,2
DA:241,1
DA:242,1
DA:243,2
DA:244,8
DA:245,1
DA:255,1
DA:258,2
DA:266,1
DA:267,1
DA:268,1
DA:269,4
DA:270,1
DA:271,1
DA:272,1
DA:273,1
DA:279,1
DA:281,1
DA:282,1
DA:283,1
DA:288,1
DA:290,1
DA:291,4
DA:292,4
DA:297,1
DA:298,1
DA:308,1
DA:309,1
DA:310,1
DA:312,1
DA:313,1
DA:314,1
DA:316,1
DA:318,4
DA:322,1
DA:324,3
DA:332,0
DA:333,0
DA:334,0
DA:335,0
DA:340,0
DA:341,0
DA:342,0
DA:343,0
DA:348,1
DA:349,3
DA:350,3
DA:351,1
LF:143
LH:110
end_of_record
SF:lib/presentation/widgets/game_over_dialog.dart
DA:12,1
DA:18,1
DA:20,1
DA:23,1
DA:24,1
DA:26,1
DA:29,1
DA:30,1
DA:31,1
DA:33,1
DA:34,1
DA:35,1
DA:36,1
DA:37,1
DA:41,1
DA:42,1
DA:43,4
DA:45,1
DA:50,1
DA:53,1
DA:54,1
DA:55,1
DA:58,3
DA:61,1
DA:63,1
DA:64,1
DA:67,4
DA:73,1
DA:74,1
DA:75,1
DA:78,1
DA:79,1
DA:82,1
DA:83,1
DA:91,1
DA:92,10
DA:94,1
DA:96,1
DA:97,3
DA:98,1
DA:100,1
DA:102,1
DA:103,1
DA:105,4
DA:110,1
DA:111,1
DA:114,2
DA:118,1
DA:119,1
DA:120,1
DA:121,1
DA:123,1
DA:126,1
DA:127,1
DA:128,1
DA:130,1
LF:56
LH:56
end_of_record
SF:lib/presentation/pages/settings_page.dart
DA:11,8
DA:13,1
DA:15,1
DA:16,1
DA:18,3
DA:20,1
DA:21,0
DA:22,0
DA:24,0
DA:26,0
DA:28,0
DA:30,0
DA:32,0
DA:35,0
DA:37,0
DA:40,0
DA:42,0
DA:45,0
DA:47,0
DA:50,0
DA:58,0
DA:59,0
DA:61,0
DA:63,0
DA:68,0
DA:69,0
DA:71,0
DA:73,0
DA:75,0
DA:76,0
DA:78,0
DA:79,0
DA:80,0
DA:82,0
DA:83,0
DA:84,0
DA:85,0
DA:86,0
DA:87,0
DA:92,0
DA:93,0
DA:96,0
DA:99,0
DA:105,0
DA:106,0
DA:109,0
DA:110,0
DA:116,0
DA:117,0
DA:118,0
DA:119,0
DA:121,0
DA:131,0
DA:132,0
DA:134,0
DA:136,0
DA:138,0
DA:139,0
DA:141,0
DA:142,0
DA:143,0
DA:145,0
DA:146,0
DA:147,0
DA:148,0
DA:150,0
DA:155,0
DA:157,0
DA:160,0
DA:166,0
DA:168,0
DA:169,0
DA:175,0
DA:176,0
DA:177,0
DA:178,0
DA:180,0
DA:190,0
DA:191,0
DA:193,0
DA:195,0
DA:197,0
DA:198,0
DA:200,0
DA:201,0
DA:202,0
DA:204,0
DA:205,0
DA:206,0
DA:207,0
DA:209,0
DA:214,0
DA:216,0
DA:219,0
DA:225,0
DA:227,0
DA:228,0
DA:234,0
DA:235,0
DA:236,0
DA:237,0
DA:239,0
DA:249,0
DA:250,0
DA:252,0
DA:254,0
DA:256,0
DA:257,0
DA:259,0
DA:260,0
DA:261,0
DA:263,0
DA:264,0
DA:265,0
DA:266,0
DA:268,0
DA:273,0
DA:275,0
DA:278,0
DA:284,0
DA:286,0
DA:287,0
DA:293,0
DA:294,0
DA:295,0
DA:296,0
DA:298,0
DA:308,0
DA:309,0
DA:313,0
DA:315,0
DA:316,0
DA:318,0
DA:320,0
DA:321,0
DA:322,0
DA:323,0
DA:325,0
DA:329,0
DA:331,0
DA:338,0
DA:340,0
DA:342,0
DA:344,0
DA:346,0
DA:348,0
DA:358,0
DA:364,0
DA:365,0
DA:366,0
DA:370,0
DA:372,0
DA:377,0
DA:378,0
DA:379,0
DA:382,0
DA:383,0
DA:384,0
DA:385,0
DA:394,0
DA:398,0
DA:405,0
DA:408,0
DA:411,0
DA:412,0
DA:415,0
DA:418,0
DA:419,0
DA:421,0
DA:422,0
DA:424,0
DA:426,0
DA:427,0
DA:428,0
DA:429,0
DA:430,0
DA:431,0
DA:435,0
DA:436,0
DA:437,0
DA:444,0
DA:445,0
DA:448,0
DA:456,0
DA:457,0
DA:460,0
DA:462,0
DA:464,0
DA:465,0
DA:467,0
DA:474,0
DA:475,0
DA:476,0
DA:477,0
DA:480,0
DA:481,0
DA:482,0
DA:483,0
DA:488,0
DA:495,0
DA:503,0
DA:505,0
DA:506,0
DA:507,0
DA:509,0
DA:510,0
DA:512,0
DA:513,0
DA:515,0
DA:517,0
DA:519,0
DA:520,0
DA:524,0
DA:525,0
DA:526,0
DA:529,0
DA:530,0
DA:534,0
DA:535,0
DA:537,0
DA:538,0
DA:540,0
DA:543,0
DA:544,0
DA:547,0
DA:549,0
DA:550,0
DA:557,0
DA:559,0
DA:568,0
DA:574,0
DA:575,0
DA:576,0
DA:580,0
DA:582,0
DA:587,0
DA:588,0
DA:589,0
DA:592,0
DA:593,0
DA:594,0
DA:595,0
DA:604,0
DA:608,0
DA:614,0
DA:616,0
DA:618,0
DA:620,0
DA:623,0
DA:624,0
DA:627,0
DA:631,0
DA:632,0
DA:634,0
DA:637,0
DA:638,0
DA:639,0
DA:642,0
DA:643,0
DA:644,0
DA:645,0
DA:646,0
DA:664,0
DA:665,0
DA:666,0
DA:667,0
DA:671,0
DA:672,0
DA:675,0
DA:679,0
DA:680,0
DA:683,0
DA:687,0
DA:688,0
DA:691,0
DA:695,0
DA:696,0
DA:699,0
DA:703,0
DA:704,0
DA:707,0
DA:711,0
DA:712,0
DA:715,0
DA:719,0
DA:720,0
DA:728,0
DA:729,0
DA:730,0
DA:731,0
DA:735,0
DA:736,0
DA:739,0
DA:743,0
DA:744,0
DA:747,0
DA:751,0
DA:752,0
DA:755,0
DA:759,0
DA:760,0
DA:768,0
DA:769,0
DA:770,0
DA:771,0
DA:772,0
DA:773,0
DA:777,0
DA:778,0
DA:781,0
DA:785,0
DA:786,0
DA:789,0
DA:793,0
DA:794,0
DA:797,0
DA:801,0
DA:802,0
DA:810,0
DA:818,0
DA:820,0
DA:822,0
DA:824,0
DA:826,0
DA:827,0
DA:828,0
DA:830,0
DA:831,0
DA:833,0
DA:835,0
DA:839,0
DA:841,0
DA:842,0
DA:848,0
DA:850,0
DA:851,0
DA:852,0
LF:337
LH:6
end_of_record
SF:lib/services/timer_service.dart
DA:13,3
DA:14,6
DA:17,6
DA:18,6
DA:19,2
DA:21,1
DA:23,2
DA:24,2
DA:25,1
DA:28,1
DA:31,1
DA:32,1
DA:33,1
DA:34,1
DA:36,1
DA:37,1
DA:44,3
DA:45,3
DA:47,6
DA:48,3
DA:49,3
DA:50,8
DA:51,2
DA:53,3
DA:56,2
DA:57,4
DA:58,2
DA:59,2
DA:60,2
DA:61,2
DA:62,2
DA:65,2
DA:66,2
DA:67,2
DA:68,2
DA:69,2
DA:72,1
DA:73,2
DA:74,2
DA:75,1
DA:76,2
DA:77,1
DA:78,1
DA:82,1
DA:83,2
DA:84,2
DA:86,3
DA:87,3
DA:89,1
DA:90,1
DA:91,3
DA:92,1
DA:94,1
DA:98,2
DA:99,4
DA:100,8
DA:101,2
LF:57
LH:57
end_of_record
SF:lib/services/haptic_service.dart
DA:5,1
DA:7,1
DA:11,2
DA:13,2
DA:17,2
DA:19,2
DA:23,1
DA:25,1
DA:29,1
DA:31,1
LF:10
LH:10
end_of_record
SF:lib/services/native_5050_solver.dart
DA:9,3
DA:11,6
DA:13,6
DA:15,3
DA:17,1
DA:18,1
DA:19,1
DA:23,2
DA:25,1
DA:26,4
DA:27,2
DA:30,2
DA:33,6
DA:34,3
LF:14
LH:14
end_of_record
SF:lib/presentation/widgets/cell_widget.dart
DA:17,1
DA:24,1
DA:26,1
DA:28,1
DA:29,1
DA:30,3
DA:31,3
DA:37,3
DA:39,1
DA:40,1
DA:41,1
DA:43,2
DA:46,1
DA:47,1
DA:48,0
DA:50,0
DA:53,0
DA:54,0
DA:58,0
DA:59,0
DA:62,0
DA:63,0
DA:70,1
DA:72,2
DA:73,1
DA:74,1
DA:75,0
DA:76,0
DA:83,1
DA:85,1
DA:86,1
DA:87,1
DA:88,1
DA:89,1
DA:91,1
DA:93,1
DA:94,1
DA:99,1
DA:108,1
DA:109,1
DA:110,0
DA:111,1
DA:113,1
DA:115,1
DA:116,3
DA:117,1
DA:118,0
DA:120,0
DA:122,0
DA:124,3
DA:128,1
DA:130,0
DA:132,0
DA:134,4
DA:137,1
DA:146,1
DA:147,1
DA:153,1
DA:154,0
DA:156,0
DA:157,0
DA:159,0
DA:164,1
DA:165,0
DA:170,1
DA:171,0
DA:176,1
DA:177,1
DA:178,1
DA:180,1
DA:187,2
DA:188,1
DA:189,2
DA:190,1
DA:192,2
DA:204,0
DA:206,0
DA:210,0
DA:213,0
DA:215,0
DA:227,1
DA:229,1
DA:231,0
DA:233,0
DA:235,0
DA:237,0
DA:239,0
DA:241,0
DA:243,0
LF:89
LH:55
end_of_record
