SF:lib/presentation/providers/settings_provider.dart
DA:34,0
DA:35,0
DA:36,2
DA:37,2
DA:38,2
DA:39,2
DA:40,0
DA:41,0
DA:42,0
DA:43,0
DA:44,0
DA:45,0
DA:46,0
DA:47,0
DA:48,0
DA:49,0
DA:50,0
DA:51,0
DA:52,0
DA:53,0
DA:56,1
DA:57,1
DA:58,1
DA:62,0
DA:63,0
DA:64,0
DA:67,0
DA:69,0
DA:70,0
DA:74,0
DA:75,0
DA:78,0
DA:81,0
DA:82,0
DA:86,0
DA:87,0
DA:91,0
DA:92,0
DA:94,0
DA:97,0
DA:99,0
DA:100,0
DA:104,0
DA:105,0
DA:106,0
DA:107,0
DA:108,0
DA:110,0
DA:111,0
DA:112,0
DA:113,0
DA:114,0
DA:116,0
DA:117,0
DA:118,0
DA:119,0
DA:120,0
DA:122,0
DA:123,0
DA:124,0
DA:125,0
DA:126,0
DA:128,0
DA:129,0
DA:130,0
DA:131,0
DA:132,0
DA:134,0
DA:135,0
DA:136,0
DA:137,0
DA:138,0
DA:140,0
DA:141,0
DA:142,0
DA:143,0
DA:144,0
DA:146,0
DA:147,0
DA:148,0
DA:149,0
DA:150,0
DA:152,0
DA:153,0
DA:154,0
DA:155,0
DA:156,0
DA:158,0
DA:159,0
DA:160,0
DA:161,0
DA:162,0
DA:164,0
DA:165,0
DA:166,0
DA:167,0
DA:168,0
DA:170,0
DA:171,0
DA:172,0
DA:173,0
DA:174,0
DA:176,0
DA:177,0
DA:178,0
DA:179,0
DA:180,0
DA:182,0
DA:183,0
DA:184,0
DA:185,0
DA:186,0
DA:190,0
DA:191,0
DA:192,0
DA:195,0
DA:197,0
DA:198,0
DA:202,1
DA:203,1
DA:204,1
DA:207,1
DA:209,1
DA:210,1
DA:214,0
DA:215,0
DA:217,0
DA:218,0
DA:222,1
DA:223,2
DA:224,1
DA:225,1
DA:226,1
DA:231,1
DA:234,3
DA:235,3
DA:236,3
DA:237,3
DA:238,4
DA:240,3
DA:241,3
DA:242,3
DA:243,3
DA:244,3
DA:245,3
DA:246,3
DA:247,3
DA:248,3
DA:249,3
DA:250,3
DA:251,3
DA:252,3
DA:253,3
DA:260,1
DA:266,0
DA:268,0
DA:269,0
DA:270,0
DA:271,0
DA:272,0
DA:274,0
DA:275,0
DA:276,0
DA:277,0
DA:278,0
DA:279,0
DA:280,0
DA:281,0
DA:282,0
DA:283,0
DA:284,0
DA:285,0
DA:286,0
DA:287,0
DA:290,0
DA:291,0
LF:176
LH:39
end_of_record
SF:lib/core/game_mode_config.dart
DA:14,2
DA:23,2
DA:26,2
DA:27,2
DA:30,2
DA:31,2
DA:32,2
DA:33,2
DA:34,2
DA:35,2
DA:36,2
DA:37,2
DA:38,2
DA:39,2
DA:43,0
DA:44,0
DA:45,0
DA:46,0
DA:47,0
DA:48,0
DA:49,0
DA:50,0
DA:51,0
DA:52,0
DA:58,6
DA:60,2
DA:70,2
DA:72,2
DA:74,2
DA:78,2
DA:89,2
DA:92,2
DA:94,4
DA:95,6
DA:98,2
DA:102,2
DA:108,4
DA:109,2
DA:110,2
DA:112,2
DA:113,0
DA:117,2
DA:118,0
DA:123,2
DA:124,2
DA:128,6
DA:129,2
DA:134,2
DA:135,2
DA:136,2
DA:137,4
DA:139,2
DA:140,2
DA:141,4
DA:142,2
DA:143,2
DA:144,2
DA:146,6
DA:147,6
DA:149,0
DA:153,0
DA:154,0
DA:160,0
DA:161,0
DA:166,0
DA:167,0
DA:173,0
DA:174,0
DA:175,0
DA:185,0
DA:195,0
DA:205,0
DA:215,0
DA:236,0
DA:239,0
DA:242,2
DA:244,10
DA:253,2
DA:256,1
DA:257,1
DA:258,1
DA:261,3
DA:262,3
DA:263,3
DA:264,3
DA:265,3
DA:266,3
DA:267,3
DA:268,3
DA:269,3
DA:270,3
DA:271,3
DA:272,3
DA:273,3
DA:274,3
DA:277,0
DA:280,2
DA:283,0
DA:286,0
DA:289,0
DA:291,0
DA:293,0
DA:297,0
DA:298,0
DA:299,0
DA:300,0
DA:301,0
DA:302,0
DA:303,0
LF:109
LH:68
end_of_record
SF:lib/services/native_5050_solver.dart
DA:9,1
DA:11,2
DA:13,2
DA:15,1
DA:17,0
DA:18,0
DA:19,0
DA:23,0
DA:25,0
DA:26,0
DA:27,0
DA:30,0
DA:33,2
DA:34,1
LF:14
LH:6
end_of_record
SF:lib/core/constants.dart
DA:14,0
DA:15,0
LF:2
LH:0
end_of_record
SF:lib/data/repositories/game_repository_impl.dart
DA:14,1
DA:16,2
DA:18,0
DA:21,1
DA:22,1
DA:23,1
DA:26,2
DA:27,2
DA:28,1
DA:33,1
DA:34,1
DA:37,1
DA:39,2
DA:45,1
DA:46,1
DA:51,1
DA:53,1
DA:56,1
DA:58,1
DA:59,0
DA:61,2
DA:62,0
DA:66,2
DA:67,0
DA:70,2
DA:71,0
DA:75,2
DA:79,1
DA:81,1
DA:85,1
DA:87,1
DA:91,3
DA:94,1
DA:96,0
DA:98,0
DA:102,2
DA:106,3
DA:110,1
DA:112,1
DA:115,1
DA:116,3
DA:119,1
DA:126,1
DA:131,1
DA:134,7
DA:139,1
DA:142,3
DA:145,1
DA:146,1
DA:147,1
DA:152,1
DA:155,1
DA:158,1
DA:160,3
DA:161,0
DA:164,2
DA:165,0
DA:168,2
DA:169,1
DA:170,1
DA:174,3
DA:175,2
DA:178,1
DA:181,1
DA:183,3
DA:185,1
DA:188,1
DA:191,0
DA:193,0
DA:194,0
DA:197,0
DA:198,0
DA:201,0
DA:204,0
DA:205,0
DA:210,0
DA:211,0
DA:213,0
DA:214,0
DA:215,0
DA:217,0
DA:218,0
DA:221,0
DA:223,0
DA:224,0
DA:225,0
DA:231,0
DA:232,0
DA:236,0
DA:240,0
DA:241,0
DA:242,0
DA:244,0
DA:245,0
DA:248,0
DA:250,0
DA:253,0
DA:256,0
DA:259,0
DA:260,0
DA:268,0
DA:272,0
DA:274,0
DA:276,0
DA:277,0
DA:278,0
DA:279,0
DA:282,0
DA:285,0
DA:287,0
DA:288,0
DA:290,0
DA:293,0
DA:295,0
DA:298,0
DA:300,0
DA:303,0
DA:305,0
DA:308,0
DA:310,0
DA:311,0
DA:314,0
DA:315,0
DA:316,0
DA:317,0
DA:318,0
DA:319,0
DA:320,0
DA:321,0
DA:322,0
DA:323,0
DA:324,0
DA:328,0
DA:330,0
DA:331,0
DA:334,0
DA:337,0
DA:339,0
DA:341,0
DA:344,0
DA:345,0
DA:347,0
DA:350,0
DA:351,0
DA:357,0
DA:359,0
DA:363,0
DA:366,0
DA:367,0
DA:369,0
DA:372,0
DA:373,0
DA:377,0
DA:384,0
DA:388,0
DA:395,0
DA:399,0
DA:404,0
DA:407,0
DA:410,0
DA:411,0
DA:412,0
DA:416,0
DA:421,0
DA:422,0
DA:423,0
DA:430,0
DA:431,0
DA:432,0
DA:433,0
DA:434,0
DA:435,0
DA:437,0
DA:438,0
DA:448,0
DA:450,0
DA:451,0
DA:453,0
DA:454,0
DA:455,0
DA:457,0
DA:458,0
DA:461,0
DA:463,0
DA:464,0
DA:473,0
DA:474,0
DA:478,0
DA:479,0
DA:480,0
DA:485,0
DA:486,0
DA:487,0
DA:488,0
DA:491,1
DA:492,1
DA:493,2
DA:494,1
DA:496,1
DA:497,0
DA:501,1
DA:502,2
DA:503,1
DA:507,2
DA:508,2
DA:509,1
DA:510,1
DA:511,1
DA:512,5
DA:516,1
DA:517,1
DA:518,2
DA:520,2
DA:521,2
DA:522,3
DA:524,3
DA:525,3
DA:526,2
DA:527,1
DA:528,1
DA:529,4
DA:530,4
DA:534,5
DA:541,1
DA:544,1
DA:545,2
DA:546,1
DA:547,4
DA:550,2
DA:553,2
DA:554,3
DA:556,3
DA:557,3
DA:558,2
DA:560,1
DA:561,1
DA:564,4
DA:567,2
DA:569,2
DA:572,2
DA:578,1
DA:579,1
DA:580,2
DA:581,2
DA:584,4
DA:587,2
DA:588,1
DA:591,3
DA:593,3
DA:594,3
DA:595,2
DA:597,1
DA:598,1
DA:601,4
DA:604,2
DA:606,2
DA:609,2
DA:617,1
DA:619,2
DA:622,1
DA:626,3
DA:627,4
DA:628,3
DA:629,1
DA:636,1
DA:637,3
DA:638,4
DA:639,2
DA:640,1
DA:642,2
DA:643,1
DA:644,1
DA:646,1
DA:651,1
DA:652,0
DA:659,1
DA:660,7
DA:663,1
DA:667,2
DA:668,2
DA:669,2
DA:670,2
DA:674,1
DA:677,1
DA:678,3
DA:679,4
DA:680,2
DA:681,3
DA:682,1
DA:688,0
DA:689,0
DA:692,0
DA:700,0
DA:701,0
DA:703,0
DA:707,0
DA:710,0
DA:711,0
DA:713,0
DA:717,0
DA:718,0
DA:719,0
DA:722,0
DA:723,0
DA:724,0
DA:725,0
DA:726,0
DA:731,0
DA:734,0
DA:735,0
DA:736,0
DA:742,0
DA:743,0
DA:744,0
DA:745,0
DA:746,0
DA:747,0
DA:748,0
DA:755,0
DA:757,0
DA:758,0
DA:770,0
DA:771,0
DA:780,0
DA:781,0
DA:782,0
DA:786,0
DA:787,0
DA:788,0
DA:789,0
DA:790,0
DA:798,0
DA:799,0
DA:800,0
DA:803,0
DA:807,0
DA:808,0
DA:811,0
DA:812,0
DA:819,0
DA:820,0
DA:821,0
DA:824,0
DA:831,0
DA:832,0
DA:833,0
DA:837,0
DA:838,0
DA:839,0
DA:840,0
DA:841,0
DA:842,0
DA:851,0
DA:852,0
DA:853,0
DA:856,0
DA:860,0
DA:866,0
DA:867,0
DA:868,0
DA:871,0
DA:872,0
DA:873,0
DA:874,0
DA:876,0
DA:877,0
DA:879,0
DA:880,0
DA:881,0
DA:887,0
DA:890,0
DA:895,0
DA:896,0
DA:897,0
DA:901,0
DA:902,0
DA:903,0
DA:904,0
DA:905,0
DA:906,0
DA:915,0
DA:916,0
DA:917,0
DA:920,0
DA:924,0
DA:925,0
LF:386
LH:151
end_of_record
SF:lib/domain/entities/game_state.dart
DA:15,1
DA:27,3
DA:28,6
DA:29,0
DA:30,3
DA:31,3
DA:32,3
DA:33,0
DA:34,0
DA:35,0
DA:36,0
DA:39,0
DA:40,0
DA:41,0
DA:42,0
DA:43,0
DA:46,1
DA:47,6
DA:48,0
DA:50,3
DA:53,1
DA:54,1
DA:55,3
DA:56,3
DA:57,2
DA:58,1
DA:59,1
DA:60,6
DA:61,4
DA:68,1
DA:69,6
DA:72,1
DA:83,1
DA:84,0
DA:85,1
DA:86,1
DA:87,1
DA:88,1
DA:89,1
DA:90,1
DA:91,1
DA:92,1
DA:96,0
DA:99,0
DA:100,0
DA:101,0
DA:102,0
DA:103,0
DA:104,0
DA:105,0
DA:108,0
DA:110,0
DA:111,0
DA:112,0
DA:113,0
DA:114,0
DA:115,0
DA:116,0
DA:120,0
DA:122,0
LF:60
LH:30
end_of_record
SF:lib/domain/entities/cell.dart
DA:18,1
DA:26,3
DA:27,3
DA:28,3
DA:29,3
DA:30,0
DA:31,0
DA:32,0
DA:33,0
DA:35,1
DA:36,2
DA:37,2
DA:41,1
DA:42,4
DA:43,1
DA:44,2
DA:45,1
DA:49,0
DA:50,0
DA:51,0
DA:55,0
DA:56,0
DA:57,0
DA:61,1
DA:62,1
DA:64,1
DA:68,2
DA:69,0
DA:71,0
DA:72,0
DA:76,0
DA:78,0
DA:81,0
DA:83,2
DA:84,1
DA:85,1
DA:87,0
DA:92,1
DA:99,1
DA:100,1
DA:101,1
DA:102,1
DA:103,1
DA:104,1
DA:108,1
DA:111,1
DA:112,3
DA:113,3
DA:114,3
DA:115,3
DA:116,3
DA:119,0
DA:121,0
DA:124,0
DA:126,0
LF:55
LH:34
end_of_record
SF:lib/presentation/providers/game_provider.dart
DA:20,2
DA:22,1
DA:23,1
DA:24,1
DA:26,3
DA:27,1
DA:32,0
DA:34,0
DA:35,0
DA:39,2
DA:40,0
DA:41,0
DA:42,2
DA:43,3
DA:44,3
DA:45,0
DA:46,0
DA:47,2
DA:50,1
DA:52,1
DA:53,1
DA:55,3
DA:56,2
DA:57,1
DA:58,1
DA:60,0
DA:62,1
DA:67,1
DA:68,1
DA:70,1
DA:71,1
DA:73,3
DA:76,2
DA:77,2
DA:80,1
DA:81,1
DA:83,1
DA:84,2
DA:85,1
DA:88,0
DA:90,1
DA:95,1
DA:97,1
DA:98,1
DA:100,3
DA:103,2
DA:104,2
DA:107,1
DA:108,1
DA:110,0
DA:112,1
DA:117,0
DA:118,0
DA:119,0
DA:120,0
DA:121,0
DA:126,0
DA:128,0
DA:129,0
DA:130,0
DA:131,0
DA:132,0
DA:133,0
DA:134,0
DA:135,0
DA:136,0
DA:137,0
DA:138,0
DA:139,0
DA:142,0
DA:143,0
DA:147,0
DA:149,0
DA:150,0
DA:157,0
DA:158,0
DA:162,0
DA:163,0
DA:166,0
DA:167,0
DA:174,0
DA:175,0
DA:178,0
DA:185,0
DA:186,0
DA:189,0
DA:191,0
DA:196,1
DA:197,1
DA:198,1
DA:201,0
DA:202,0
DA:203,0
DA:206,1
DA:207,1
DA:210,1
DA:215,1
DA:216,1
DA:217,2
DA:218,3
DA:219,2
DA:221,1
DA:222,1
DA:223,2
DA:224,1
DA:230,1
DA:231,2
DA:232,1
DA:241,5
DA:242,6
DA:243,2
DA:244,3
DA:247,1
DA:248,1
DA:258,1
DA:259,2
DA:260,1
DA:264,1
DA:267,1
DA:269,1
DA:270,1
DA:271,2
DA:272,1
DA:277,0
DA:278,0
DA:279,0
DA:282,0
DA:284,0
DA:285,0
DA:286,0
DA:294,0
DA:295,0
DA:298,0
DA:299,0
DA:300,0
DA:305,1
DA:306,1
DA:308,1
DA:310,9
DA:314,5
DA:315,6
DA:316,2
DA:318,2
DA:320,1
DA:321,1
DA:322,2
DA:323,3
DA:324,3
DA:331,3
DA:334,1
DA:337,1
DA:338,1
DA:339,0
DA:342,3
DA:347,1
DA:349,1
DA:351,1
DA:359,2
DA:360,1
DA:361,1
DA:362,2
DA:364,3
DA:366,1
DA:367,1
DA:370,3
DA:372,2
DA:374,2
DA:375,1
DA:376,1
DA:381,1
DA:386,1
DA:390,1
DA:391,1
DA:394,1
DA:395,2
DA:396,1
DA:397,1
DA:399,3
DA:401,2
DA:402,1
DA:403,2
DA:404,2
DA:405,2
DA:409,3
DA:412,2
DA:413,1
DA:414,1
DA:417,1
DA:419,2
DA:420,1
DA:421,1
DA:422,2
DA:424,3
DA:426,1
DA:427,1
DA:430,3
DA:432,3
DA:435,3
DA:437,2
DA:438,4
DA:444,3
DA:445,1
DA:446,3
DA:453,0
DA:454,0
DA:455,0
DA:456,0
DA:465,1
DA:466,1
DA:468,0
DA:469,0
DA:475,0
DA:483,0
DA:487,0
DA:489,0
DA:490,0
DA:491,0
DA:492,0
DA:494,0
DA:496,0
DA:497,0
DA:500,0
DA:502,0
DA:504,0
DA:505,0
DA:509,0
DA:511,0
DA:512,0
DA:519,0
DA:520,0
DA:527,0
DA:530,0
DA:532,0
DA:536,0
DA:537,0
DA:540,0
DA:541,0
DA:542,0
DA:544,0
DA:547,0
DA:549,0
DA:556,0
DA:568,0
DA:577,0
DA:579,0
DA:580,0
DA:581,0
DA:582,0
DA:584,0
DA:586,0
DA:587,0
DA:590,0
DA:591,0
DA:594,0
DA:596,0
DA:597,0
DA:604,0
DA:610,0
DA:613,0
DA:615,0
DA:619,0
DA:620,0
DA:623,0
DA:624,0
DA:625,0
DA:628,0
DA:640,0
DA:641,0
DA:642,0
DA:643,0
DA:646,0
DA:647,0
DA:648,0
DA:650,0
DA:671,1
DA:672,1
DA:674,3
DA:675,3
DA:676,2
DA:678,1
DA:679,1
DA:681,1
DA:682,2
DA:683,1
DA:684,2
DA:694,1
DA:695,1
DA:697,3
DA:698,3
DA:699,2
DA:701,1
DA:702,1
DA:704,1
DA:705,2
DA:706,2
DA:707,2
DA:717,1
DA:718,1
DA:720,3
DA:721,3
DA:722,2
DA:724,1
DA:725,1
DA:727,1
DA:728,2
DA:729,1
DA:730,0
DA:740,1
DA:741,1
DA:742,5
DA:743,6
DA:747,0
DA:748,0
DA:752,0
DA:754,0
DA:755,0
DA:759,0
DA:761,0
DA:762,0
DA:764,0
DA:765,0
DA:766,0
DA:767,0
DA:769,0
DA:771,0
DA:776,0
LF:326
LH:179
end_of_record
SF:lib/services/timer_service.dart
DA:13,1
DA:14,2
DA:17,0
DA:18,2
DA:19,0
DA:21,0
DA:23,0
DA:24,0
DA:25,0
DA:28,0
DA:31,0
DA:32,0
DA:33,0
DA:34,0
DA:36,0
DA:37,0
DA:44,1
DA:45,1
DA:47,2
DA:48,1
DA:49,1
DA:50,2
DA:51,0
DA:53,1
DA:56,1
DA:57,2
DA:58,1
DA:59,1
DA:60,1
DA:61,1
DA:62,1
DA:65,1
DA:66,1
DA:67,1
DA:68,1
DA:69,1
DA:72,0
DA:73,0
DA:74,0
DA:75,0
DA:76,0
DA:77,0
DA:78,0
DA:82,0
DA:83,0
DA:84,0
DA:86,0
DA:87,0
DA:89,0
DA:90,0
DA:91,0
DA:92,0
DA:94,0
DA:98,0
DA:99,0
DA:100,0
DA:101,0
LF:57
LH:22
end_of_record
SF:lib/services/haptic_service.dart
DA:5,0
DA:7,0
DA:11,0
DA:13,0
DA:17,0
DA:19,0
DA:23,0
DA:25,0
DA:29,0
DA:31,0
LF:10
LH:0
end_of_record
